[TRACE] 09:52:54:696 YAMA/(3282:3282): Leyendo configuracion
[TRACE] 10:03:53:547 YAMA/(3902:3902): Leyendo configuracion
[TRACE] 10:04:12:225 YAMA/(3970:3970): Leyendo configuracion
[TRACE] 10:04:12:985 YAMA/(3970:3970): Configuracion leida
[TRACE] 10:04:16:775 YAMA/(3970:3970): Iniciando servidor YAMA
[TRACE] 10:04:25:482 YAMA/(4001:4001): Leyendo configuracion
[TRACE] 10:04:25:483 YAMA/(4001:4001): Configuracion leida
[TRACE] 10:04:25:483 YAMA/(4001:4001): Iniciando servidor YAMA
[TRACE] 10:04:32:719 YAMA/(4036:4036): Leyendo configuracion
[TRACE] 10:04:33:338 YAMA/(4036:4036): Configuracion leida
[TRACE] 10:04:53:459 YAMA/(4102:4102): Leyendo configuracion
[TRACE] 10:04:53:784 YAMA/(4102:4102): Configuracion leida
[TRACE] 10:04:56:479 YAMA/(4102:4102): Iniciando servidor YAMA
[TRACE] 10:05:37:276 YAMA/(4214:4214): Leyendo configuracion
[TRACE] 10:05:38:277 YAMA/(4214:4214): Configuracion leida
[TRACE] 10:05:41:301 YAMA/(4214:4214): Iniciando servidor YAMA
[TRACE] 10:13:15:52 YAMA/(4352:4352): Leyendo configuracion
[TRACE] 10:13:15:553 YAMA/(4352:4352): Configuracion leida
[TRACE] 10:13:18:567 YAMA/(4352:4352): Iniciando servidor YAMA
[TRACE] 10:23:11:625 YAMA/(4877:4877): Leyendo configuracion
[TRACE] 10:23:12:155 YAMA/(4877:4877): Configuracion leida
[TRACE] 10:23:16:113 YAMA/(4877:4877): Iniciando servidor YAMA
[TRACE] 10:23:54:451 YAMA/(4951:4951): Leyendo configuracion
[TRACE] 10:23:54:452 YAMA/(4951:4951): Configuracion leida
[TRACE] 10:23:54:460 YAMA/(4951:4951): Iniciando servidor YAMA
[TRACE] 10:24:19:960 YAMA/(5026:5026): Leyendo configuracion
[TRACE] 10:24:19:960 YAMA/(5026:5026): Configuracion leida
[TRACE] 10:24:19:963 YAMA/(5026:5026): Iniciando servidor YAMA
[TRACE] 10:24:35:773 YAMA/(5068:5068): Leyendo configuracion
[TRACE] 10:24:35:773 YAMA/(5068:5068): Configuracion leida
[TRACE] 10:24:35:776 YAMA/(5068:5068): Iniciando servidor YAMA
[TRACE] 10:24:44:672 YAMA/(5107:5107): Leyendo configuracion
[TRACE] 10:24:44:672 YAMA/(5107:5107): Configuracion leida
[TRACE] 10:24:44:675 YAMA/(5107:5107): Iniciando servidor YAMA
[TRACE] 10:24:51:376 YAMA/(5147:5147): Leyendo configuracion
[TRACE] 10:24:51:376 YAMA/(5147:5147): Configuracion leida
[TRACE] 10:24:51:378 YAMA/(5147:5147): Iniciando servidor YAMA
[TRACE] 10:30:13:113 YAMA/(5399:5399): Leyendo configuracion
[TRACE] 10:30:13:660 YAMA/(5399:5399): Configuracion leida
[TRACE] 10:30:15:929 YAMA/(5399:5399): Iniciando servidor YAMA
[TRACE] 10:31:35:956 YAMA/(5504:5504): Leyendo configuracion
[TRACE] 10:31:35:956 YAMA/(5504:5504): Configuracion leida
[TRACE] 10:31:35:959 YAMA/(5504:5504): Iniciando servidor YAMA
[TRACE] 10:31:51:422 YAMA/(5547:5547): Leyendo configuracion
[TRACE] 10:31:51:422 YAMA/(5547:5547): Configuracion leida
[TRACE] 10:31:51:425 YAMA/(5547:5547): Iniciando servidor YAMA
[TRACE] 10:32:06:638 YAMA/(5595:5595): Leyendo configuracion
[TRACE] 10:32:06:638 YAMA/(5595:5595): Configuracion leida
[TRACE] 10:32:06:641 YAMA/(5595:5595): Iniciando servidor YAMA
[TRACE] 10:32:15:671 YAMA/(5624:5624): Leyendo configuracion
[TRACE] 10:32:15:671 YAMA/(5624:5624): Configuracion leida
[TRACE] 10:32:15:671 YAMA/(5624:5624): Iniciando servidor YAMA
[TRACE] 10:32:41:113 YAMA/(5695:5695): Leyendo configuracion
[TRACE] 10:32:41:113 YAMA/(5695:5695): Configuracion leida
[TRACE] 10:32:41:116 YAMA/(5695:5695): Iniciando servidor YAMA
[TRACE] 10:32:56:796 YAMA/(5737:5737): Leyendo configuracion
[TRACE] 10:32:56:797 YAMA/(5737:5737): Configuracion leida
[TRACE] 10:32:56:799 YAMA/(5737:5737): Iniciando servidor YAMA
[TRACE] 10:33:00:519 YAMA/(5761:5761): Leyendo configuracion
[TRACE] 10:33:00:519 YAMA/(5761:5761): Configuracion leida
[TRACE] 10:33:00:519 YAMA/(5761:5761): Iniciando servidor YAMA
[TRACE] 10:33:19:644 YAMA/(5782:5782): Leyendo configuracion
[TRACE] 10:33:19:644 YAMA/(5782:5782): Configuracion leida
[TRACE] 10:33:19:644 YAMA/(5782:5782): Iniciando servidor YAMA
[TRACE] 10:34:04:746 YAMA/(5851:5851): Leyendo configuracion
[TRACE] 10:34:04:747 YAMA/(5851:5851): Configuracion leida
[TRACE] 10:34:04:747 YAMA/(5851:5851): Iniciando servidor YAMA
[TRACE] 10:46:23:786 YAMA/(6475:6475): Leyendo configuracion
[TRACE] 10:46:24:279 YAMA/(6475:6475): Configuracion leida
[TRACE] 10:46:24:282 YAMA/(6475:6475): Iniciando servidor YAMA
[TRACE] 11:35:07:263 YAMA/(8332:8332): Leyendo configuracion
[TRACE] 11:35:07:263 YAMA/(8332:8332): Configuracion leida
[TRACE] 11:35:07:273 YAMA/(8332:8332): Iniciando servidor YAMA
[TRACE] 11:35:28:174 YAMA/(8373:8373): Leyendo configuracion
[TRACE] 11:35:28:175 YAMA/(8373:8373): Configuracion leida
[TRACE] 11:35:28:177 YAMA/(8373:8373): Iniciando servidor YAMA
[TRACE] 11:35:50:829 YAMA/(8448:8448): Leyendo configuracion
[TRACE] 11:35:50:829 YAMA/(8448:8448): Configuracion leida
[TRACE] 11:35:50:832 YAMA/(8448:8448): Iniciando servidor YAMA
[TRACE] 11:36:03:379 YAMA/(8448:8455): Se conecto Master 1
[TRACE] 11:36:03:380 YAMA/(8448:8455): SOLICITUD_JOB recibida. Empezando planificacion

[TRACE] 11:36:29:984 YAMA/(8448:8456): FS -- UBICACION_BLOQUE.
[ERROR] 11:36:48:732 YAMA/(8448:8455): No hay nodos en la lista
[TRACE] 11:37:03:483 YAMA/(8448:8456): FS -- UBICACION_BLOQUE.
[TRACE] 11:37:04:181 YAMA/(8448:8456): FS -- UBICACION_BLOQUE.
[TRACE] 11:39:59:985 YAMA/(8587:8587): Leyendo configuracion
[TRACE] 11:39:59:985 YAMA/(8587:8587): Configuracion leida
[TRACE] 11:39:59:988 YAMA/(8587:8587): Iniciando servidor YAMA
[TRACE] 11:40:24:819 YAMA/(8625:8625): Leyendo configuracion
[TRACE] 11:40:24:819 YAMA/(8625:8625): Configuracion leida
[TRACE] 11:40:24:822 YAMA/(8625:8625): Iniciando servidor YAMA
[TRACE] 11:40:39:798 YAMA/(8649:8649): Leyendo configuracion
[TRACE] 11:40:39:799 YAMA/(8649:8649): Configuracion leida
[TRACE] 11:40:39:799 YAMA/(8649:8649): Iniciando servidor YAMA
[TRACE] 11:40:45:360 YAMA/(8649:8652): Se conecto Master 1
[TRACE] 11:40:45:361 YAMA/(8649:8652): SOLICITUD_JOB recibida. Empezando planificacion

[ERROR] 11:40:45:370 YAMA/(8649:8652): No hay nodos en la lista
[TRACE] 11:45:51:391 YAMA/(8775:8775): Leyendo configuracion
[TRACE] 11:45:51:391 YAMA/(8775:8775): Configuracion leida
[TRACE] 11:45:51:394 YAMA/(8775:8775): Iniciando servidor YAMA
[TRACE] 11:45:57:139 YAMA/(8775:8780): Se conecto Master 1
[TRACE] 11:45:57:143 YAMA/(8775:8780): SOLICITUD_JOB recibida. Empezando planificacion

[TRACE] 11:48:03:350 YAMA/(8893:8893): Leyendo configuracion
[TRACE] 11:48:03:350 YAMA/(8893:8893): Configuracion leida
[TRACE] 11:48:03:352 YAMA/(8893:8893): Iniciando servidor YAMA
[TRACE] 11:48:05:911 YAMA/(8893:8899): Se conecto Master 1
[TRACE] 11:48:05:912 YAMA/(8893:8899): SOLICITUD_JOB recibida. Empezando planificacion

[TRACE] 11:54:55:473 YAMA/(9144:9144): Leyendo configuracion
[TRACE] 11:54:55:473 YAMA/(9144:9144): Configuracion leida
[TRACE] 11:54:58:264 YAMA/(9144:9144): Se conecto Master 1
[TRACE] 11:54:58:266 YAMA/(9144:9144): SOLICITUD_JOB recibida. Empezando planificacion

[ERROR] 11:56:16:487 YAMA/(9144:9144): No hay nodos en la lista
[TRACE] 11:57:38:10 YAMA/(9223:9223): Leyendo configuracion
[TRACE] 11:57:38:10 YAMA/(9223:9223): Configuracion leida
[TRACE] 11:57:42:868 YAMA/(9223:9223): Se conecto Master 1
[TRACE] 11:57:42:869 YAMA/(9223:9223): SOLICITUD_JOB recibida. Empezando planificacion

[ERROR] 11:57:51:997 YAMA/(9223:9223): No hay nodos en la lista
[TRACE] 11:58:59:392 YAMA/(9282:9282): Leyendo configuracion
[TRACE] 11:58:59:392 YAMA/(9282:9282): Configuracion leida
[TRACE] 11:59:03:464 YAMA/(9282:9282): Se conecto Master 1
[TRACE] 11:59:03:465 YAMA/(9282:9282): SOLICITUD_JOB recibida. Empezando planificacion

[TRACE] 12:00:01:267 YAMA/(9391:9391): Leyendo configuracion
[TRACE] 12:00:01:267 YAMA/(9391:9391): Configuracion leida
[TRACE] 12:00:05:515 YAMA/(9391:9391): Se conecto Master 1
[TRACE] 12:00:05:516 YAMA/(9391:9391): SOLICITUD_JOB recibida. Empezando planificacion

[TRACE] 12:01:01:643 YAMA/(9391:9391): Se agregó nodo 3 con bloqueNodo 0, bloqueArchivo 0 y copia 0
[TRACE] 12:01:08:960 YAMA/(9391:9391): Se agregó nodo 2 con bloqueNodo 0, bloqueArchivo 0 y copia 0
[TRACE] 12:01:13:51 YAMA/(9391:9391): Se agregó al nodo 3 bloqueNodo 1, bloqueArchivo 1 y copia 0
[TRACE] 12:01:13:51 YAMA/(9391:9391): Se agregó al nodo 2 bloqueNodo 1, bloqueArchivo 1 y copia 0
[TRACE] 12:01:13:51 YAMA/(9391:9391): Se agregó al nodo 3 bloqueNodo 2, bloqueArchivo 2 y copia 0
[TRACE] 12:01:13:51 YAMA/(9391:9391): Se agregó al nodo 2 bloqueNodo 2, bloqueArchivo 2 y copia 0
[TRACE] 12:01:13:51 YAMA/(9391:9391): Se agregó al nodo 3 bloqueNodo 3, bloqueArchivo 3 y copia 0
[TRACE] 12:01:13:51 YAMA/(9391:9391): Se agregó al nodo 2 bloqueNodo 3, bloqueArchivo 3 y copia 0
[TRACE] 12:01:13:51 YAMA/(9391:9391): Se agregó al nodo 3 bloqueNodo 4, bloqueArchivo 4 y copia 0
[TRACE] 12:01:13:51 YAMA/(9391:9391): Se agregó al nodo 2 bloqueNodo 4, bloqueArchivo 4 y copia 0
[TRACE] 12:01:13:51 YAMA/(9391:9391): Se agregó al nodo 3 bloqueNodo 5, bloqueArchivo 5 y copia 0
[TRACE] 12:01:13:51 YAMA/(9391:9391): Se agregó al nodo 2 bloqueNodo 5, bloqueArchivo 5 y copia 0
[TRACE] 12:01:13:51 YAMA/(9391:9391): Se agregó al nodo 3 bloqueNodo 6, bloqueArchivo 6 y copia 0
[TRACE] 12:01:13:51 YAMA/(9391:9391): Se agregó al nodo 2 bloqueNodo 6, bloqueArchivo 6 y copia 0
[TRACE] 12:01:13:51 YAMA/(9391:9391): Se agregó al nodo 3 bloqueNodo 7, bloqueArchivo 7 y copia 0
[TRACE] 12:01:13:51 YAMA/(9391:9391): Se agregó al nodo 2 bloqueNodo 7, bloqueArchivo 7 y copia 0
[TRACE] 12:01:13:51 YAMA/(9391:9391): Se agregó al nodo 3 bloqueNodo 8, bloqueArchivo 8 y copia 0
[TRACE] 12:01:13:51 YAMA/(9391:9391): Se agregó al nodo 2 bloqueNodo 8, bloqueArchivo 8 y copia 0
[TRACE] 12:01:13:51 YAMA/(9391:9391): Se cargaron los nodos correctamente
[TRACE] 12:01:13:51 YAMA/(9391:9391): Planificacion terminada. Mandando a realizar instrucciones a los nodos
[TRACE] 12:01:13:51 YAMA/(9391:9391): Job 1 - Nodo 2 - Bloque 0 - TRANSFORMACION - EN_EJECUCION
[TRACE] 12:01:13:51 YAMA/(9391:9391): Job 1 - Nodo 2 - Bloque 2 - TRANSFORMACION - EN_EJECUCION
[TRACE] 12:01:13:51 YAMA/(9391:9391): Job 1 - Nodo 2 - Bloque 4 - TRANSFORMACION - EN_EJECUCION
[TRACE] 12:01:13:51 YAMA/(9391:9391): Job 1 - Nodo 2 - Bloque 6 - TRANSFORMACION - EN_EJECUCION
[TRACE] 12:01:13:51 YAMA/(9391:9391): Job 1 - Nodo 2 - Bloque 8 - TRANSFORMACION - EN_EJECUCION
[TRACE] 12:01:13:51 YAMA/(9391:9391): Job 1 - Nodo 3 - Bloque 1 - TRANSFORMACION - EN_EJECUCION
[TRACE] 12:01:13:51 YAMA/(9391:9391): Job 1 - Nodo 3 - Bloque 3 - TRANSFORMACION - EN_EJECUCION
[TRACE] 12:01:13:51 YAMA/(9391:9391): Job 1 - Nodo 3 - Bloque 5 - TRANSFORMACION - EN_EJECUCION
[TRACE] 12:01:13:51 YAMA/(9391:9391): Job 1 - Nodo 3 - Bloque 7 - TRANSFORMACION - EN_EJECUCION
[TRACE] 12:01:13:51 YAMA/(9391:9391): Enviadas todas las transformaciones a los nodos disponibles
[TRACE] 12:01:13:71 YAMA/(9391:9391): Se desconecto Master 1
